<?xml version="1.0" encoding="UTF-8"?>
<!-- Generated by org.testng.reporters.JUnitXMLReporter -->
<testsuite ignored="2" hostname="EG-5CD03451NV" failures="0" tests="1" name="Default test" time="9.73" errors="0" timestamp="2023-05-30T15:48:51 EET">
  <testcase classname="testcases.ControlIdTest" name="test_ch" time="9.614"/>
  <testcase classname="testcases.ControlIdTest" name="test_ed" time="0.0">
    <ignored/>
  </testcase> <!-- test_ed -->
  <testcase classname="testcases.ControlIdTest" name="test_ff" time="0.0">
    <ignored/>
  </testcase> <!-- test_ff -->
</testsuite> <!-- Default test -->
