<?xml version="1.0" encoding="UTF-8"?>
<testng-results ignored="0" total="1" passed="1" failed="0" skipped="0">
  <reporter-output>
  </reporter-output>
  <suite started-at="2023-09-14T11:47:03 EET" name="Web Controls id scanners Suite" finished-at="2023-09-14T11:47:14 EET" duration-ms="10453">
    <groups>
    </groups>
    <test started-at="2023-09-14T11:47:03 EET" name="Parallel Scanning for Controls" finished-at="2023-09-14T11:47:14 EET" duration-ms="10453">
      <class name="testcases.ControlIdTest">
        <test-method is-config="true" signature="beforeMethod()[pri:0, instance:testcases.ControlIdTest@70e38ce1]" started-at="2023-09-14T11:47:04 EET" name="beforeMethod" finished-at="2023-09-14T11:47:14 EET" duration-ms="10091" status="PASS">
          <reporter-output>
          </reporter-output>
        </test-method> <!-- beforeMethod -->
        <test-method signature="test_ch()[pri:0, instance:testcases.ControlIdTest@70e38ce1]" started-at="2023-09-14T11:47:14 EET" name="test_ch" description="Chrome test" finished-at="2023-09-14T11:47:14 EET" duration-ms="238" status="PASS">
          <reporter-output>
          </reporter-output>
        </test-method> <!-- test_ch -->
        <test-method is-config="true" signature="afterMethod()[pri:0, instance:testcases.ControlIdTest@70e38ce1]" started-at="2023-09-14T11:47:14 EET" name="afterMethod" finished-at="2023-09-14T11:47:14 EET" duration-ms="1" status="PASS">
          <reporter-output>
          </reporter-output>
        </test-method> <!-- afterMethod -->
        <test-method is-config="true" signature="afterSuite()[pri:0, instance:testcases.ControlIdTest@70e38ce1]" started-at="2023-09-14T11:47:14 EET" name="afterSuite" finished-at="2023-09-14T13:38:50 EET" duration-ms="6696223" status="PASS">
          <reporter-output>
          </reporter-output>
        </test-method> <!-- afterSuite -->
      </class> <!-- testcases.ControlIdTest -->
    </test> <!-- Parallel Scanning for Controls -->
  </suite> <!-- Web Controls id scanners Suite -->
</testng-results>
